<?xml version="1.0" encoding="UTF-8"?>
<!-- Generated by org.testng.reporters.JUnitReportReporter -->
<testsuite skipped="0" hostname="CSNB0366" name="TestNg1.TestNg3" tests="2" failures="0" timestamp="29 Dec 2019 15:53:18 GMT" time="0.006" errors="0">
  <testcase name="DforthTest" time="0.001" classname="TestNg1.TestNg3"/>
  <testcase name="CthirdTest" time="0.005" classname="TestNg1.TestNg3"/>
</testsuite> <!-- TestNg1.TestNg3 -->
