<?xml version="1.0" encoding="UTF-8"?>
<!-- Generated by org.testng.reporters.JUnitReportReporter -->
<testsuite skipped="0" hostname="CSNB0366" name="TestNg1.TestNg2" tests="2" failures="0" timestamp="02 Jan 2020 17:51:21 GMT" time="0.005" errors="0">
  <testcase name="DforthTest" time="0.002" classname="TestNg1.TestNg2"/>
  <testcase name="CthirdTest" time="0.003" classname="TestNg1.TestNg2"/>
</testsuite> <!-- TestNg1.TestNg2 -->
